[2014-10-14 20:01:32] (ERROR @ C:\xampp\htdocs\CMS\core\model\modx\rest\modrestclient.class.php : 231) PHP warning: simplexml_load_string() [<a href='function.simplexml-load-string'>function.simplexml-load-string</a>]: Entity: line 1: parser error : XML declaration allowed only at the start of the document
[2014-10-14 20:01:32] (ERROR @ C:\xampp\htdocs\CMS\core\model\modx\rest\modrestclient.class.php : 231) PHP warning: simplexml_load_string() [<a href='function.simplexml-load-string'>function.simplexml-load-string</a>]: &lt;?xml
[2014-10-14 20:01:32] (ERROR @ C:\xampp\htdocs\CMS\core\model\modx\rest\modrestclient.class.php : 231) PHP warning: simplexml_load_string() [<a href='function.simplexml-load-string'>function.simplexml-load-string</a>]:      ^
[2014-10-14 20:01:32] (ERROR @ C:\xampp\htdocs\CMS\core\model\modx\rest\modrestclient.class.php : 231) PHP warning: simplexml_load_string() [<a href='function.simplexml-load-string'>function.simplexml-load-string</a>]: Entity: line 1: parser error : ParsePI: PI xml space expected
[2014-10-14 20:01:32] (ERROR @ C:\xampp\htdocs\CMS\core\model\modx\rest\modrestclient.class.php : 231) PHP warning: simplexml_load_string() [<a href='function.simplexml-load-string'>function.simplexml-load-string</a>]: &lt;?xml
[2014-10-14 20:01:32] (ERROR @ C:\xampp\htdocs\CMS\core\model\modx\rest\modrestclient.class.php : 231) PHP warning: simplexml_load_string() [<a href='function.simplexml-load-string'>function.simplexml-load-string</a>]:      ^
[2014-10-14 20:01:32] (ERROR @ C:\xampp\htdocs\CMS\core\model\modx\rest\modrestclient.class.php : 231) PHP warning: simplexml_load_string() [<a href='function.simplexml-load-string'>function.simplexml-load-string</a>]: Entity: line 1: parser error : ParsePI: PI xml never end ...
[2014-10-14 20:01:32] (ERROR @ C:\xampp\htdocs\CMS\core\model\modx\rest\modrestclient.class.php : 231) PHP warning: simplexml_load_string() [<a href='function.simplexml-load-string'>function.simplexml-load-string</a>]: &lt;?xml
[2014-10-14 20:01:32] (ERROR @ C:\xampp\htdocs\CMS\core\model\modx\rest\modrestclient.class.php : 231) PHP warning: simplexml_load_string() [<a href='function.simplexml-load-string'>function.simplexml-load-string</a>]:      ^
[2014-10-14 20:01:32] (ERROR @ C:\xampp\htdocs\CMS\core\model\modx\rest\modrestclient.class.php : 231) PHP warning: simplexml_load_string() [<a href='function.simplexml-load-string'>function.simplexml-load-string</a>]: Entity: line 1: parser error : Start tag expected, '&lt;' not found
[2014-10-14 20:01:32] (ERROR @ C:\xampp\htdocs\CMS\core\model\modx\rest\modrestclient.class.php : 231) PHP warning: simplexml_load_string() [<a href='function.simplexml-load-string'>function.simplexml-load-string</a>]: &lt;?xml
[2014-10-14 20:01:32] (ERROR @ C:\xampp\htdocs\CMS\core\model\modx\rest\modrestclient.class.php : 231) PHP warning: simplexml_load_string() [<a href='function.simplexml-load-string'>function.simplexml-load-string</a>]:      ^
[2014-10-14 20:01:32] (ERROR @ /CMS/connectors/index.php) Could not connect to provider at: http://rest.modx.com/extras/
[2014-10-14 20:01:32] (ERROR @ C:\xampp\htdocs\CMS\core\model\modx\processors\workspace\packages\rest\getlist.class.php : 48) PHP warning: Invalid argument supplied for foreach()
[2014-10-14 20:01:32] (ERROR @ C:\xampp\htdocs\CMS\core\model\modx\rest\modrestclient.class.php : 231) PHP warning: simplexml_load_string() [<a href='function.simplexml-load-string'>function.simplexml-load-string</a>]: Entity: line 1: parser error : XML declaration allowed only at the start of the document
[2014-10-14 20:01:32] (ERROR @ C:\xampp\htdocs\CMS\core\model\modx\rest\modrestclient.class.php : 231) PHP warning: simplexml_load_string() [<a href='function.simplexml-load-string'>function.simplexml-load-string</a>]: &lt;?xml
[2014-10-14 20:01:32] (ERROR @ C:\xampp\htdocs\CMS\core\model\modx\rest\modrestclient.class.php : 231) PHP warning: simplexml_load_string() [<a href='function.simplexml-load-string'>function.simplexml-load-string</a>]:      ^
[2014-10-14 20:01:32] (ERROR @ C:\xampp\htdocs\CMS\core\model\modx\rest\modrestclient.class.php : 231) PHP warning: simplexml_load_string() [<a href='function.simplexml-load-string'>function.simplexml-load-string</a>]: Entity: line 1: parser error : ParsePI: PI xml space expected
[2014-10-14 20:01:32] (ERROR @ C:\xampp\htdocs\CMS\core\model\modx\rest\modrestclient.class.php : 231) PHP warning: simplexml_load_string() [<a href='function.simplexml-load-string'>function.simplexml-load-string</a>]: &lt;?xml
[2014-10-14 20:01:32] (ERROR @ C:\xampp\htdocs\CMS\core\model\modx\rest\modrestclient.class.php : 231) PHP warning: simplexml_load_string() [<a href='function.simplexml-load-string'>function.simplexml-load-string</a>]:      ^
[2014-10-14 20:01:32] (ERROR @ C:\xampp\htdocs\CMS\core\model\modx\rest\modrestclient.class.php : 231) PHP warning: simplexml_load_string() [<a href='function.simplexml-load-string'>function.simplexml-load-string</a>]: Entity: line 1: parser error : ParsePI: PI xml never end ...
[2014-10-14 20:01:32] (ERROR @ C:\xampp\htdocs\CMS\core\model\modx\rest\modrestclient.class.php : 231) PHP warning: simplexml_load_string() [<a href='function.simplexml-load-string'>function.simplexml-load-string</a>]: &lt;?xml
[2014-10-14 20:01:32] (ERROR @ C:\xampp\htdocs\CMS\core\model\modx\rest\modrestclient.class.php : 231) PHP warning: simplexml_load_string() [<a href='function.simplexml-load-string'>function.simplexml-load-string</a>]:      ^
[2014-10-14 20:01:32] (ERROR @ C:\xampp\htdocs\CMS\core\model\modx\rest\modrestclient.class.php : 231) PHP warning: simplexml_load_string() [<a href='function.simplexml-load-string'>function.simplexml-load-string</a>]: Entity: line 1: parser error : Start tag expected, '&lt;' not found
[2014-10-14 20:01:32] (ERROR @ C:\xampp\htdocs\CMS\core\model\modx\rest\modrestclient.class.php : 231) PHP warning: simplexml_load_string() [<a href='function.simplexml-load-string'>function.simplexml-load-string</a>]: &lt;?xml
[2014-10-14 20:01:32] (ERROR @ C:\xampp\htdocs\CMS\core\model\modx\rest\modrestclient.class.php : 231) PHP warning: simplexml_load_string() [<a href='function.simplexml-load-string'>function.simplexml-load-string</a>]:      ^
[2014-10-14 20:01:32] (ERROR @ /CMS/connectors/index.php) Could not connect to provider at: http://rest.modx.com/extras/
[2014-10-14 20:01:32] (ERROR @ C:\xampp\htdocs\CMS\core\model\modx\processors\workspace\packages\rest\getlist.class.php : 48) PHP warning: Invalid argument supplied for foreach()
[2014-10-14 20:02:42] (ERROR @ C:\xampp\htdocs\CMS\core\model\modx\rest\modrestclient.class.php : 231) PHP warning: simplexml_load_string() [<a href='function.simplexml-load-string'>function.simplexml-load-string</a>]: Entity: line 1: parser error : XML declaration allowed only at the start of the document
[2014-10-14 20:02:42] (ERROR @ C:\xampp\htdocs\CMS\core\model\modx\rest\modrestclient.class.php : 231) PHP warning: simplexml_load_string() [<a href='function.simplexml-load-string'>function.simplexml-load-string</a>]: &lt;?xml
[2014-10-14 20:02:42] (ERROR @ C:\xampp\htdocs\CMS\core\model\modx\rest\modrestclient.class.php : 231) PHP warning: simplexml_load_string() [<a href='function.simplexml-load-string'>function.simplexml-load-string</a>]:      ^
[2014-10-14 20:02:42] (ERROR @ C:\xampp\htdocs\CMS\core\model\modx\rest\modrestclient.class.php : 231) PHP warning: simplexml_load_string() [<a href='function.simplexml-load-string'>function.simplexml-load-string</a>]: Entity: line 1: parser error : ParsePI: PI xml space expected
[2014-10-14 20:02:42] (ERROR @ C:\xampp\htdocs\CMS\core\model\modx\rest\modrestclient.class.php : 231) PHP warning: simplexml_load_string() [<a href='function.simplexml-load-string'>function.simplexml-load-string</a>]: &lt;?xml
[2014-10-14 20:02:42] (ERROR @ C:\xampp\htdocs\CMS\core\model\modx\rest\modrestclient.class.php : 231) PHP warning: simplexml_load_string() [<a href='function.simplexml-load-string'>function.simplexml-load-string</a>]:      ^
[2014-10-14 20:02:42] (ERROR @ C:\xampp\htdocs\CMS\core\model\modx\rest\modrestclient.class.php : 231) PHP warning: simplexml_load_string() [<a href='function.simplexml-load-string'>function.simplexml-load-string</a>]: Entity: line 1: parser error : ParsePI: PI xml never end ...
[2014-10-14 20:02:42] (ERROR @ C:\xampp\htdocs\CMS\core\model\modx\rest\modrestclient.class.php : 231) PHP warning: simplexml_load_string() [<a href='function.simplexml-load-string'>function.simplexml-load-string</a>]: &lt;?xml
[2014-10-14 20:02:42] (ERROR @ C:\xampp\htdocs\CMS\core\model\modx\rest\modrestclient.class.php : 231) PHP warning: simplexml_load_string() [<a href='function.simplexml-load-string'>function.simplexml-load-string</a>]:      ^
[2014-10-14 20:02:42] (ERROR @ C:\xampp\htdocs\CMS\core\model\modx\rest\modrestclient.class.php : 231) PHP warning: simplexml_load_string() [<a href='function.simplexml-load-string'>function.simplexml-load-string</a>]: Entity: line 1: parser error : Start tag expected, '&lt;' not found
[2014-10-14 20:02:42] (ERROR @ C:\xampp\htdocs\CMS\core\model\modx\rest\modrestclient.class.php : 231) PHP warning: simplexml_load_string() [<a href='function.simplexml-load-string'>function.simplexml-load-string</a>]: &lt;?xml
[2014-10-14 20:02:42] (ERROR @ C:\xampp\htdocs\CMS\core\model\modx\rest\modrestclient.class.php : 231) PHP warning: simplexml_load_string() [<a href='function.simplexml-load-string'>function.simplexml-load-string</a>]:      ^
[2014-10-14 20:02:42] (ERROR @ /CMS/connectors/index.php) Could not connect to provider at: http://rest.modx.com/extras/
[2014-10-14 20:02:42] (ERROR @ C:\xampp\htdocs\CMS\core\model\modx\processors\workspace\packages\rest\getlist.class.php : 48) PHP warning: Invalid argument supplied for foreach()
[2014-10-14 20:02:42] (ERROR @ C:\xampp\htdocs\CMS\core\model\modx\rest\modrestclient.class.php : 231) PHP warning: simplexml_load_string() [<a href='function.simplexml-load-string'>function.simplexml-load-string</a>]: Entity: line 1: parser error : XML declaration allowed only at the start of the document
[2014-10-14 20:02:42] (ERROR @ C:\xampp\htdocs\CMS\core\model\modx\rest\modrestclient.class.php : 231) PHP warning: simplexml_load_string() [<a href='function.simplexml-load-string'>function.simplexml-load-string</a>]: &lt;?xml
[2014-10-14 20:02:42] (ERROR @ C:\xampp\htdocs\CMS\core\model\modx\rest\modrestclient.class.php : 231) PHP warning: simplexml_load_string() [<a href='function.simplexml-load-string'>function.simplexml-load-string</a>]:      ^
[2014-10-14 20:02:42] (ERROR @ C:\xampp\htdocs\CMS\core\model\modx\rest\modrestclient.class.php : 231) PHP warning: simplexml_load_string() [<a href='function.simplexml-load-string'>function.simplexml-load-string</a>]: Entity: line 1: parser error : ParsePI: PI xml space expected
[2014-10-14 20:02:42] (ERROR @ C:\xampp\htdocs\CMS\core\model\modx\rest\modrestclient.class.php : 231) PHP warning: simplexml_load_string() [<a href='function.simplexml-load-string'>function.simplexml-load-string</a>]: &lt;?xml
[2014-10-14 20:02:42] (ERROR @ C:\xampp\htdocs\CMS\core\model\modx\rest\modrestclient.class.php : 231) PHP warning: simplexml_load_string() [<a href='function.simplexml-load-string'>function.simplexml-load-string</a>]:      ^
[2014-10-14 20:02:42] (ERROR @ C:\xampp\htdocs\CMS\core\model\modx\rest\modrestclient.class.php : 231) PHP warning: simplexml_load_string() [<a href='function.simplexml-load-string'>function.simplexml-load-string</a>]: Entity: line 1: parser error : ParsePI: PI xml never end ...
[2014-10-14 20:02:42] (ERROR @ C:\xampp\htdocs\CMS\core\model\modx\rest\modrestclient.class.php : 231) PHP warning: simplexml_load_string() [<a href='function.simplexml-load-string'>function.simplexml-load-string</a>]: &lt;?xml
[2014-10-14 20:02:42] (ERROR @ C:\xampp\htdocs\CMS\core\model\modx\rest\modrestclient.class.php : 231) PHP warning: simplexml_load_string() [<a href='function.simplexml-load-string'>function.simplexml-load-string</a>]:      ^
[2014-10-14 20:02:42] (ERROR @ C:\xampp\htdocs\CMS\core\model\modx\rest\modrestclient.class.php : 231) PHP warning: simplexml_load_string() [<a href='function.simplexml-load-string'>function.simplexml-load-string</a>]: Entity: line 1: parser error : Start tag expected, '&lt;' not found
[2014-10-14 20:02:42] (ERROR @ C:\xampp\htdocs\CMS\core\model\modx\rest\modrestclient.class.php : 231) PHP warning: simplexml_load_string() [<a href='function.simplexml-load-string'>function.simplexml-load-string</a>]: &lt;?xml
[2014-10-14 20:02:42] (ERROR @ C:\xampp\htdocs\CMS\core\model\modx\rest\modrestclient.class.php : 231) PHP warning: simplexml_load_string() [<a href='function.simplexml-load-string'>function.simplexml-load-string</a>]:      ^
[2014-10-14 20:02:42] (ERROR @ /CMS/connectors/index.php) Could not connect to provider at: http://rest.modx.com/extras/
[2014-10-14 20:02:42] (ERROR @ C:\xampp\htdocs\CMS\core\model\modx\processors\workspace\packages\rest\getlist.class.php : 48) PHP warning: Invalid argument supplied for foreach()
[2014-10-14 20:03:39] (ERROR @ C:\xampp\htdocs\CMS\core\model\modx\rest\modrestclient.class.php : 231) PHP warning: simplexml_load_string() [<a href='function.simplexml-load-string'>function.simplexml-load-string</a>]: Entity: line 1: parser error : XML declaration allowed only at the start of the document
[2014-10-14 20:03:39] (ERROR @ C:\xampp\htdocs\CMS\core\model\modx\rest\modrestclient.class.php : 231) PHP warning: simplexml_load_string() [<a href='function.simplexml-load-string'>function.simplexml-load-string</a>]: &lt;?xml
[2014-10-14 20:03:39] (ERROR @ C:\xampp\htdocs\CMS\core\model\modx\rest\modrestclient.class.php : 231) PHP warning: simplexml_load_string() [<a href='function.simplexml-load-string'>function.simplexml-load-string</a>]:      ^
[2014-10-14 20:03:39] (ERROR @ C:\xampp\htdocs\CMS\core\model\modx\rest\modrestclient.class.php : 231) PHP warning: simplexml_load_string() [<a href='function.simplexml-load-string'>function.simplexml-load-string</a>]: Entity: line 1: parser error : ParsePI: PI xml space expected
[2014-10-14 20:03:39] (ERROR @ C:\xampp\htdocs\CMS\core\model\modx\rest\modrestclient.class.php : 231) PHP warning: simplexml_load_string() [<a href='function.simplexml-load-string'>function.simplexml-load-string</a>]: &lt;?xml
[2014-10-14 20:03:39] (ERROR @ C:\xampp\htdocs\CMS\core\model\modx\rest\modrestclient.class.php : 231) PHP warning: simplexml_load_string() [<a href='function.simplexml-load-string'>function.simplexml-load-string</a>]:      ^
[2014-10-14 20:03:39] (ERROR @ C:\xampp\htdocs\CMS\core\model\modx\rest\modrestclient.class.php : 231) PHP warning: simplexml_load_string() [<a href='function.simplexml-load-string'>function.simplexml-load-string</a>]: Entity: line 1: parser error : ParsePI: PI xml never end ...
[2014-10-14 20:03:39] (ERROR @ C:\xampp\htdocs\CMS\core\model\modx\rest\modrestclient.class.php : 231) PHP warning: simplexml_load_string() [<a href='function.simplexml-load-string'>function.simplexml-load-string</a>]: &lt;?xml
[2014-10-14 20:03:39] (ERROR @ C:\xampp\htdocs\CMS\core\model\modx\rest\modrestclient.class.php : 231) PHP warning: simplexml_load_string() [<a href='function.simplexml-load-string'>function.simplexml-load-string</a>]:      ^
[2014-10-14 20:03:39] (ERROR @ C:\xampp\htdocs\CMS\core\model\modx\rest\modrestclient.class.php : 231) PHP warning: simplexml_load_string() [<a href='function.simplexml-load-string'>function.simplexml-load-string</a>]: Entity: line 1: parser error : Start tag expected, '&lt;' not found
[2014-10-14 20:03:39] (ERROR @ C:\xampp\htdocs\CMS\core\model\modx\rest\modrestclient.class.php : 231) PHP warning: simplexml_load_string() [<a href='function.simplexml-load-string'>function.simplexml-load-string</a>]: &lt;?xml
[2014-10-14 20:03:39] (ERROR @ C:\xampp\htdocs\CMS\core\model\modx\rest\modrestclient.class.php : 231) PHP warning: simplexml_load_string() [<a href='function.simplexml-load-string'>function.simplexml-load-string</a>]:      ^
[2014-10-14 20:03:39] (ERROR @ /CMS/connectors/index.php) Could not connect to provider at: http://rest.modx.com/extras/
[2014-10-14 20:03:39] (ERROR @ C:\xampp\htdocs\CMS\core\model\modx\processors\workspace\packages\rest\getlist.class.php : 48) PHP warning: Invalid argument supplied for foreach()
[2014-10-14 20:03:40] (ERROR @ C:\xampp\htdocs\CMS\core\model\modx\rest\modrestclient.class.php : 231) PHP warning: simplexml_load_string() [<a href='function.simplexml-load-string'>function.simplexml-load-string</a>]: Entity: line 1: parser error : XML declaration allowed only at the start of the document
[2014-10-14 20:03:40] (ERROR @ C:\xampp\htdocs\CMS\core\model\modx\rest\modrestclient.class.php : 231) PHP warning: simplexml_load_string() [<a href='function.simplexml-load-string'>function.simplexml-load-string</a>]: &lt;?xml
[2014-10-14 20:03:40] (ERROR @ C:\xampp\htdocs\CMS\core\model\modx\rest\modrestclient.class.php : 231) PHP warning: simplexml_load_string() [<a href='function.simplexml-load-string'>function.simplexml-load-string</a>]:      ^
[2014-10-14 20:03:40] (ERROR @ C:\xampp\htdocs\CMS\core\model\modx\rest\modrestclient.class.php : 231) PHP warning: simplexml_load_string() [<a href='function.simplexml-load-string'>function.simplexml-load-string</a>]: Entity: line 1: parser error : ParsePI: PI xml space expected
[2014-10-14 20:03:40] (ERROR @ C:\xampp\htdocs\CMS\core\model\modx\rest\modrestclient.class.php : 231) PHP warning: simplexml_load_string() [<a href='function.simplexml-load-string'>function.simplexml-load-string</a>]: &lt;?xml
[2014-10-14 20:03:40] (ERROR @ C:\xampp\htdocs\CMS\core\model\modx\rest\modrestclient.class.php : 231) PHP warning: simplexml_load_string() [<a href='function.simplexml-load-string'>function.simplexml-load-string</a>]:      ^
[2014-10-14 20:03:40] (ERROR @ C:\xampp\htdocs\CMS\core\model\modx\rest\modrestclient.class.php : 231) PHP warning: simplexml_load_string() [<a href='function.simplexml-load-string'>function.simplexml-load-string</a>]: Entity: line 1: parser error : ParsePI: PI xml never end ...
[2014-10-14 20:03:40] (ERROR @ C:\xampp\htdocs\CMS\core\model\modx\rest\modrestclient.class.php : 231) PHP warning: simplexml_load_string() [<a href='function.simplexml-load-string'>function.simplexml-load-string</a>]: &lt;?xml
[2014-10-14 20:03:40] (ERROR @ C:\xampp\htdocs\CMS\core\model\modx\rest\modrestclient.class.php : 231) PHP warning: simplexml_load_string() [<a href='function.simplexml-load-string'>function.simplexml-load-string</a>]:      ^
[2014-10-14 20:03:40] (ERROR @ C:\xampp\htdocs\CMS\core\model\modx\rest\modrestclient.class.php : 231) PHP warning: simplexml_load_string() [<a href='function.simplexml-load-string'>function.simplexml-load-string</a>]: Entity: line 1: parser error : Start tag expected, '&lt;' not found
[2014-10-14 20:03:40] (ERROR @ C:\xampp\htdocs\CMS\core\model\modx\rest\modrestclient.class.php : 231) PHP warning: simplexml_load_string() [<a href='function.simplexml-load-string'>function.simplexml-load-string</a>]: &lt;?xml
[2014-10-14 20:03:40] (ERROR @ C:\xampp\htdocs\CMS\core\model\modx\rest\modrestclient.class.php : 231) PHP warning: simplexml_load_string() [<a href='function.simplexml-load-string'>function.simplexml-load-string</a>]:      ^
[2014-10-14 20:03:40] (ERROR @ /CMS/connectors/index.php) Could not connect to provider at: http://rest.modx.com/extras/
[2014-10-14 20:03:40] (ERROR @ C:\xampp\htdocs\CMS\core\model\modx\processors\workspace\packages\rest\getlist.class.php : 48) PHP warning: Invalid argument supplied for foreach()
[2014-10-15 20:22:00] (ERROR in xPDOConnection::connect @ C:\xampp\htdocs\CMS\core\xpdo\xpdo.class.php : 3043) SQLSTATE[HY000] [1049] Unknown database 'modx'
[2014-10-15 21:04:40] (ERROR @ C:\xampp\htdocs\CMS\core\model\modx\rest\modrestclient.class.php : 231) PHP warning: simplexml_load_string(): Entity: line 1: parser error : Start tag expected, '&lt;' not found
[2014-10-15 21:04:40] (ERROR @ C:\xampp\htdocs\CMS\core\model\modx\rest\modrestclient.class.php : 231) PHP warning: simplexml_load_string(): {&quot;status&quot;:500,&quot;code&quot;:71,&quot;message&quot;:&quot;Failed to connect to: 96.126.112.90:27017: Co
[2014-10-15 21:04:40] (ERROR @ C:\xampp\htdocs\CMS\core\model\modx\rest\modrestclient.class.php : 231) PHP warning: simplexml_load_string(): ^
[2014-10-15 21:04:40] (ERROR @ /CMS/connectors/index.php) Could not connect to provider at: http://rest.modx.com/extras/
[2014-10-15 21:04:40] (ERROR @ C:\xampp\htdocs\CMS\core\model\modx\rest\modrestclient.class.php : 231) PHP warning: simplexml_load_string(): {&quot;status&quot;:500,&quot;code&quot;:71,&quot;message&quot;:&quot;Failed to connect to: 96.126.112.90:27017: Co
[2014-10-15 21:04:40] (ERROR @ C:\xampp\htdocs\CMS\core\model\modx\rest\modrestclient.class.php : 231) PHP warning: simplexml_load_string(): ^
[2014-10-15 21:04:40] (ERROR @ C:\xampp\htdocs\CMS\core\model\modx\processors\workspace\packages\rest\getlist.class.php : 48) PHP warning: Invalid argument supplied for foreach()
[2014-10-15 21:04:40] (ERROR @ /CMS/connectors/index.php) Could not connect to provider at: http://rest.modx.com/extras/
[2014-10-15 21:04:40] (ERROR @ C:\xampp\htdocs\CMS\core\model\modx\processors\workspace\packages\rest\getlist.class.php : 48) PHP warning: Invalid argument supplied for foreach()
[2014-10-15 21:04:40] (ERROR @ C:\xampp\htdocs\CMS\core\model\modx\processors\workspace\packages\rest\getlist.class.php : 52) PHP warning: Illegal string offset 'total'
[2014-10-15 21:04:40] (ERROR @ C:\xampp\htdocs\CMS\core\model\modx\processors\workspace\packages\rest\getlist.class.php : 52) PHP warning: Illegal string offset 'total'
